\BOOKMARK [1][-]{section.1}{Introduction}{}% 1
\BOOKMARK [1][-]{section.2}{Vision}{}% 2
\BOOKMARK [1][-]{section.3}{Goals}{}% 3
\BOOKMARK [1][-]{section.4}{Requirements }{}% 4
\BOOKMARK [1][-]{section.5}{Requirements analysis }{}% 5
\BOOKMARK [2][-]{subsection.5.1}{Glossary}{section.5}% 6
\BOOKMARK [2][-]{subsection.5.2}{User Stories}{section.5}% 7
\BOOKMARK [2][-]{subsection.5.3}{Functional and non functional requirements}{section.5}% 8
\BOOKMARK [2][-]{subsection.5.4}{User Interaction}{section.5}% 9
\BOOKMARK [2][-]{subsection.5.5}{\(Domain\) Model }{section.5}% 10
\BOOKMARK [2][-]{subsection.5.6}{Test Plan}{section.5}% 11
\BOOKMARK [1][-]{section.6}{Problem analysis }{}% 12
\BOOKMARK [2][-]{subsection.6.1}{Logic architecture}{section.6}% 13
\BOOKMARK [2][-]{subsection.6.2}{Abstraction gap}{section.6}% 14
\BOOKMARK [2][-]{subsection.6.3}{Risk analysis}{section.6}% 15
\BOOKMARK [1][-]{section.7}{Hardware}{}% 16
\BOOKMARK [1][-]{section.8}{Work Plan}{}% 17
\BOOKMARK [1][-]{section.9}{Project}{}% 18
\BOOKMARK [1][-]{section.10}{Implementation}{}% 19
\BOOKMARK [1][-]{section.11}{Testing}{}% 20
\BOOKMARK [1][-]{section.12}{Deployment}{}% 21
\BOOKMARK [1][-]{section.13}{Maintenance}{}% 22
\BOOKMARK [1][-]{section.14}{About authors}{}% 23
